<?xml version="1.0" encoding="UTF-8"?>
<coverage generated="1599474726265" clover="3.2.0">
  <project timestamp="1599474726265" name="All files">
    <metrics statements="22" coveredstatements="22" conditionals="11" coveredconditionals="8" methods="9" coveredmethods="9" elements="42" coveredelements="39" complexity="0" loc="22" ncloc="22" packages="1" files="2" classes="2"/>
    <file name="http.js" path="/Users/rawanalnujoom/Documents/amman-401d4/class-02/demo/fetch/lib/http.js">
      <metrics statements="5" coveredstatements="5" conditionals="2" coveredconditionals="2" methods="3" coveredmethods="3"/>
      <line num="8" count="2" type="cond" truecount="2" falsecount="0"/>
      <line num="10" count="1" type="stmt"/>
      <line num="18" count="1" type="stmt"/>
      <line num="24" count="1" type="stmt"/>
      <line num="28" count="1" type="stmt"/>
    </file>
    <file name="input.js" path="/Users/rawanalnujoom/Documents/amman-401d4/class-02/demo/fetch/lib/input.js">
      <metrics statements="17" coveredstatements="17" conditionals="9" coveredconditionals="6" methods="6" coveredmethods="6"/>
      <line num="3" count="1" type="stmt"/>
      <line num="4" count="1" type="stmt"/>
      <line num="9" count="4" type="stmt"/>
      <line num="10" count="4" type="stmt"/>
      <line num="11" count="4" type="stmt"/>
      <line num="12" count="4" type="stmt"/>
      <line num="13" count="4" type="stmt"/>
      <line num="17" count="10" type="stmt"/>
      <line num="18" count="10" type="cond" truecount="2" falsecount="0"/>
      <line num="22" count="5" type="cond" truecount="1" falsecount="1"/>
      <line num="27" count="4" type="stmt"/>
      <line num="28" count="4" type="stmt"/>
      <line num="30" count="4" type="stmt"/>
      <line num="39" count="1" type="stmt"/>
      <line num="40" count="1" type="stmt"/>
      <line num="41" count="1" type="cond" truecount="2" falsecount="0"/>
      <line num="47" count="1" type="stmt"/>
    </file>
  </project>
</coverage>
