{"/Users/rawanalnujoom/Documents/amman-401d4/class-02/demo/fetch/lib/http.js": {"path":"/Users/rawanalnujoom/Documents/amman-401d4/class-02/demo/fetch/lib/http.js","statementMap":{"0":{"start":{"line":8,"column":4},"end":{"line":20,"column":5}},"1":{"start":{"line":10,"column":24},"end":{"line":16,"column":7}},"2":{"start":{"line":18,"column":6},"end":{"line":18,"column":31}},"3":{"start":{"line":24,"column":4},"end":{"line":24,"column":21}},"4":{"start":{"line":28,"column":0},"end":{"line":28,"column":22}}},"fnMap":{"0":{"name":"(anonymous_0)","decl":{"start":{"line":5,"column":2},"end":{"line":5,"column":3}},"loc":{"start":{"line":5,"column":16},"end":{"line":5,"column":18}},"line":5},"1":{"name":"(anonymous_1)","decl":{"start":{"line":7,"column":2},"end":{"line":7,"column":3}},"loc":{"start":{"line":7,"column":14},"end":{"line":21,"column":3}},"line":7},"2":{"name":"(anonymous_2)","decl":{"start":{"line":23,"column":2},"end":{"line":23,"column":3}},"loc":{"start":{"line":23,"column":15},"end":{"line":25,"column":3}},"line":23}},"branchMap":{"0":{"loc":{"start":{"line":8,"column":4},"end":{"line":20,"column":5}},"type":"if","locations":[{"start":{"line":8,"column":4},"end":{"line":20,"column":5}},{"start":{"line":8,"column":4},"end":{"line":20,"column":5}}],"line":8}},"s":{"0":2,"1":1,"2":1,"3":1,"4":1},"f":{"0":2,"1":2,"2":1},"b":{"0":[1,1]},"_coverageSchema":"1a1c01bbd47fc00a2c39e90264f33305004495a9","hash":"29a7841298e3e5b82be52590df176379777c65c4"}
,"/Users/rawanalnujoom/Documents/amman-401d4/class-02/demo/fetch/lib/input.js": {"path":"/Users/rawanalnujoom/Documents/amman-401d4/class-02/demo/fetch/lib/input.js","statementMap":{"0":{"start":{"line":3,"column":14},"end":{"line":3,"column":31}},"1":{"start":{"line":4,"column":17},"end":{"line":4,"column":36}},"2":{"start":{"line":9,"column":17},"end":{"line":9,"column":48}},"3":{"start":{"line":10,"column":4},"end":{"line":10,"column":41}},"4":{"start":{"line":11,"column":4},"end":{"line":11,"column":35}},"5":{"start":{"line":12,"column":4},"end":{"line":12,"column":37}},"6":{"start":{"line":13,"column":4},"end":{"line":13,"column":43}},"7":{"start":{"line":17,"column":23},"end":{"line":17,"column":51}},"8":{"start":{"line":18,"column":4},"end":{"line":18,"column":54}},"9":{"start":{"line":22,"column":4},"end":{"line":22,"column":40}},"10":{"start":{"line":27,"column":4},"end":{"line":31,"column":5}},"11":{"start":{"line":28,"column":6},"end":{"line":28,"column":30}},"12":{"start":{"line":30,"column":6},"end":{"line":30,"column":18}},"13":{"start":{"line":39,"column":4},"end":{"line":39,"column":40}},"14":{"start":{"line":40,"column":4},"end":{"line":40,"column":47}},"15":{"start":{"line":41,"column":4},"end":{"line":41,"column":35}},"16":{"start":{"line":47,"column":0},"end":{"line":47,"column":23}}},"fnMap":{"0":{"name":"(anonymous_0)","decl":{"start":{"line":8,"column":2},"end":{"line":8,"column":3}},"loc":{"start":{"line":8,"column":16},"end":{"line":14,"column":3}},"line":8},"1":{"name":"(anonymous_1)","decl":{"start":{"line":16,"column":2},"end":{"line":16,"column":3}},"loc":{"start":{"line":16,"column":25},"end":{"line":19,"column":3}},"line":16},"2":{"name":"(anonymous_2)","decl":{"start":{"line":21,"column":2},"end":{"line":21,"column":3}},"loc":{"start":{"line":21,"column":19},"end":{"line":23,"column":3}},"line":21},"3":{"name":"(anonymous_3)","decl":{"start":{"line":26,"column":2},"end":{"line":26,"column":3}},"loc":{"start":{"line":26,"column":28},"end":{"line":32,"column":3}},"line":26},"4":{"name":"(anonymous_4)","decl":{"start":{"line":34,"column":2},"end":{"line":34,"column":3}},"loc":{"start":{"line":34,"column":15},"end":{"line":36,"column":3}},"line":34},"5":{"name":"(anonymous_5)","decl":{"start":{"line":38,"column":2},"end":{"line":38,"column":3}},"loc":{"start":{"line":38,"column":10},"end":{"line":42,"column":3}},"line":38}},"branchMap":{"0":{"loc":{"start":{"line":16,"column":12},"end":{"line":16,"column":23}},"type":"default-arg","locations":[{"start":{"line":16,"column":21},"end":{"line":16,"column":23}}],"line":16},"1":{"loc":{"start":{"line":18,"column":11},"end":{"line":18,"column":53}},"type":"cond-expr","locations":[{"start":{"line":18,"column":39},"end":{"line":18,"column":45}},{"start":{"line":18,"column":48},"end":{"line":18,"column":53}}],"line":18},"2":{"loc":{"start":{"line":21,"column":9},"end":{"line":21,"column":17}},"type":"default-arg","locations":[{"start":{"line":21,"column":15},"end":{"line":21,"column":17}}],"line":21},"3":{"loc":{"start":{"line":22,"column":11},"end":{"line":22,"column":39}},"type":"cond-expr","locations":[{"start":{"line":22,"column":24},"end":{"line":22,"column":27}},{"start":{"line":22,"column":30},"end":{"line":22,"column":39}}],"line":22},"4":{"loc":{"start":{"line":26,"column":10},"end":{"line":26,"column":26}},"type":"default-arg","locations":[{"start":{"line":26,"column":17},"end":{"line":26,"column":26}}],"line":26},"5":{"loc":{"start":{"line":41,"column":11},"end":{"line":41,"column":34}},"type":"binary-expr","locations":[{"start":{"line":41,"column":11},"end":{"line":41,"column":19}},{"start":{"line":41,"column":23},"end":{"line":41,"column":34}}],"line":41}},"s":{"0":1,"1":1,"2":4,"3":4,"4":4,"5":4,"6":4,"7":10,"8":10,"9":5,"10":4,"11":4,"12":4,"13":1,"14":1,"15":1,"16":1},"f":{"0":4,"1":10,"2":5,"3":4,"4":4,"5":1},"b":{"0":[1],"1":[9,1],"2":[0],"3":[5,0],"4":[0],"5":[1,1]},"_coverageSchema":"1a1c01bbd47fc00a2c39e90264f33305004495a9","hash":"571fa764ee1a0aadaab2bafc08cc53e63db8664a"}
}
