TN:
SF:lib/http.js
FN:5,(anonymous_0)
FN:7,(anonymous_1)
FN:23,(anonymous_2)
FNF:3
FNH:3
FNDA:2,(anonymous_0)
FNDA:2,(anonymous_1)
FNDA:1,(anonymous_2)
DA:8,2
DA:10,1
DA:18,1
DA:24,1
DA:28,1
LF:5
LH:5
BRDA:8,0,0,1
BRDA:8,0,1,1
BRF:2
BRH:2
end_of_record
TN:
SF:lib/input.js
FN:8,(anonymous_0)
FN:16,(anonymous_1)
FN:21,(anonymous_2)
FN:26,(anonymous_3)
FN:34,(anonymous_4)
FN:38,(anonymous_5)
FNF:6
FNH:6
FNDA:4,(anonymous_0)
FNDA:10,(anonymous_1)
FNDA:5,(anonymous_2)
FNDA:4,(anonymous_3)
FNDA:4,(anonymous_4)
FNDA:1,(anonymous_5)
DA:3,1
DA:4,1
DA:9,4
DA:10,4
DA:11,4
DA:12,4
DA:13,4
DA:17,10
DA:18,10
DA:22,5
DA:27,4
DA:28,4
DA:30,4
DA:39,1
DA:40,1
DA:41,1
DA:47,1
LF:17
LH:17
BRDA:16,0,0,1
BRDA:18,1,0,9
BRDA:18,1,1,1
BRDA:21,2,0,0
BRDA:22,3,0,5
BRDA:22,3,1,0
BRDA:26,4,0,0
BRDA:41,5,0,1
BRDA:41,5,1,1
BRF:9
BRH:6
end_of_record
